<?xml version="1.0" encoding="UTF-8"?>
<testsuite xmlns:xsi="http://www.w3.org/2001/XMLSchema-instance" xsi:noNamespaceSchemaLocation="https://maven.apache.org/surefire/maven-surefire-plugin/xsd/surefire-test-report-3.0.xsd" version="3.0" name="com.krilya.krilya.KrilyaApplicationTests" time="3.899" tests="1" errors="0" skipped="0" failures="0">
  <properties>
[...]
</properties>
  <testcase name="contextLoads" classname="com.krilya.krilya.KrilyaApplicationTests" time="0.84">
    <system-out><![CDATA[15:06:52.121 [main] INFO org.springframework.test.context.support.AnnotationConfigContextLoaderUtils -- Could not detect default configuration classes for test class [com.krilya.krilya.KrilyaApplicationTests]: KrilyaApplicationTests does not declare any static, non-private, non-final, nested classes annotated with @Configuration.
15:06:52.262 [main] INFO org.springframework.boot.test.context.SpringBootTestContextBootstrapper -- Found @SpringBootConfiguration com.krilya.krilya.KrilyaApplication for test class com.krilya.krilya.KrilyaApplicationTests

  .   ____          _            __ _ _
 /\\ / ___'_ __ _ _(_)_ __  __ _ \ \ \ \
( ( )\___ | '_ | '_| | '_ \/ _` | \ \ \ \
 \\/  ___)| |_)| | | | | || (_| |  ) ) ) )
  '  |____| .__|_| |_|_| |_\__, | / / / /
 =========|_|==============|___/=/_/_/_/
 :: Spring Boot ::                (v3.2.2)

2024-02-22T15:06:52.761+01:00  INFO 9040 --- [           main] c.krilya.krilya.KrilyaApplicationTests   : Starting KrilyaApplicationTests using Java 21.0.1 with PID 9040 (started by bahes in C:\Users\bahes\Documents\GitHub\KriLya\krilya)
2024-02-22T15:06:52.762+01:00  INFO 9040 --- [           main] c.krilya.krilya.KrilyaApplicationTests   : No active profile set, falling back to 1 default profile: "default"
2024-02-22T15:06:53.243+01:00  INFO 9040 --- [           main] .s.d.r.c.RepositoryConfigurationDelegate : Bootstrapping Spring Data MongoDB repositories in DEFAULT mode.
2024-02-22T15:06:53.282+01:00  INFO 9040 --- [           main] .s.d.r.c.RepositoryConfigurationDelegate : Finished Spring Data repository scanning in 34 ms. Found 1 MongoDB repository interface.
2024-02-22T15:06:53.936+01:00  INFO 9040 --- [           main] org.mongodb.driver.client                : MongoClient with metadata {"driver": {"name": "mongo-java-driver|sync|spring-boot", "version": "4.11.1"}, "os": {"type": "Windows", "name": "Windows 10", "architecture": "amd64", "version": "10.0"}, "platform": "Java/Oracle Corporation/21.0.1+12-LTS-29"} created with settings MongoClientSettings{readPreference=primary, writeConcern=WriteConcern{w=null, wTimeout=null ms, journal=null}, retryWrites=true, retryReads=true, readConcern=ReadConcern{level=null}, credential=null, transportSettings=null, streamFactoryFactory=null, commandListeners=[], codecRegistry=ProvidersCodecRegistry{codecProviders=[ValueCodecProvider{}, BsonValueCodecProvider{}, DBRefCodecProvider{}, DBObjectCodecProvider{}, DocumentCodecProvider{}, CollectionCodecProvider{}, IterableCodecProvider{}, MapCodecProvider{}, GeoJsonCodecProvider{}, GridFSFileCodecProvider{}, Jsr310CodecProvider{}, JsonObjectCodecProvider{}, BsonCodecProvider{}, EnumCodecProvider{}, com.mongodb.client.model.mql.ExpressionCodecProvider@6e31d989, com.mongodb.Jep395RecordCodecProvider@1b01a0d, com.mongodb.KotlinCodecProvider@2ed71727]}, loggerSettings=LoggerSettings{maxDocumentLength=1000}, clusterSettings={hosts=[localhost:27017], srvServiceName=mongodb, mode=SINGLE, requiredClusterType=UNKNOWN, requiredReplicaSetName='null', serverSelector='null', clusterListeners='[]', serverSelectionTimeout='30000 ms', localThreshold='15 ms'}, socketSettings=SocketSettings{connectTimeoutMS=10000, readTimeoutMS=0, receiveBufferSize=0, proxySettings=ProxySettings{host=null, port=null, username=null, password=null}}, heartbeatSocketSettings=SocketSettings{connectTimeoutMS=10000, readTimeoutMS=10000, receiveBufferSize=0, proxySettings=ProxySettings{host=null, port=null, username=null, password=null}}, connectionPoolSettings=ConnectionPoolSettings{maxSize=100, minSize=0, maxWaitTimeMS=120000, maxConnectionLifeTimeMS=0, maxConnectionIdleTimeMS=0, maintenanceInitialDelayMS=0, maintenanceFrequencyMS=60000, connectionPoolListeners=[], maxConnecting=2}, serverSettings=ServerSettings{heartbeatFrequencyMS=10000, minHeartbeatFrequencyMS=500, serverListeners='[]', serverMonitorListeners='[]'}, sslSettings=SslSettings{enabled=false, invalidHostNameAllowed=false, context=null}, applicationName='null', compressorList=[], uuidRepresentation=JAVA_LEGACY, serverApi=null, autoEncryptionSettings=null, dnsClient=null, inetAddressResolver=null, contextProvider=null}
2024-02-22T15:06:53.974+01:00  INFO 9040 --- [localhost:27017] org.mongodb.driver.cluster               : Monitor thread successfully connected to server with description ServerDescription{address=localhost:27017, type=STANDALONE, state=CONNECTED, ok=true, minWireVersion=0, maxWireVersion=21, maxDocumentSize=16777216, logicalSessionTimeoutMinutes=30, roundTripTimeNanos=31992301}
2024-02-22T15:06:54.752+01:00  WARN 9040 --- [           main] .s.s.UserDetailsServiceAutoConfiguration : 

Using generated security password: 7538e9ac-8623-466c-80dc-8ddd2a0033ec

This generated password is for development use only. Your security configuration must be updated before running your application in production.

2024-02-22T15:06:54.906+01:00  INFO 9040 --- [           main] o.s.s.web.DefaultSecurityFilterChain     : Will secure any request with [org.springframework.security.web.session.DisableEncodeUrlFilter@15ac02d5, org.springframework.security.web.context.request.async.WebAsyncManagerIntegrationFilter@2af9a5ef, org.springframework.security.web.context.SecurityContextHolderFilter@49631cfb, org.springframework.security.web.header.HeaderWriterFilter@74c7522c, org.springframework.web.filter.CorsFilter@34f23816, org.springframework.security.web.csrf.CsrfFilter@1377b1a0, org.springframework.security.web.authentication.logout.LogoutFilter@720a1fd0, org.springframework.security.web.authentication.UsernamePasswordAuthenticationFilter@d28c214, org.springframework.security.web.authentication.ui.DefaultLoginPageGeneratingFilter@38c10190, org.springframework.security.web.authentication.ui.DefaultLogoutPageGeneratingFilter@6736f40f, org.springframework.security.web.authentication.www.BasicAuthenticationFilter@1d944fc0, org.springframework.security.web.savedrequest.RequestCacheAwareFilter@6133e20b, org.springframework.security.web.servletapi.SecurityContextHolderAwareRequestFilter@30ffb2a6, org.springframework.security.web.authentication.AnonymousAuthenticationFilter@12f9f896, org.springframework.security.web.access.ExceptionTranslationFilter@16e195cf, org.springframework.security.web.access.intercept.AuthorizationFilter@26ffd2c0]
2024-02-22T15:06:54.956+01:00  INFO 9040 --- [           main] c.krilya.krilya.KrilyaApplicationTests   : Started KrilyaApplicationTests in 2.478 seconds (process running for 3.627)
]]></system-out>
    <system-err><![CDATA[WARNING: A Java agent has been loaded dynamically (C:\Users\bahes\.m2\repository\net\bytebuddy\byte-buddy-agent\1.14.11\byte-buddy-agent-1.14.11.jar)
WARNING: If a serviceability tool is in use, please run with -XX:+EnableDynamicAgentLoading to hide this warning
WARNING: If a serviceability tool is not in use, please run with -Djdk.instrument.traceUsage for more information
WARNING: Dynamic loading of agents will be disallowed by default in a future release
]]></system-err>
  </testcase>
</testsuite>